2018-10-24 16:32:27,966-root-INFO-------登录成功用例：start!---------
2018-10-24 16:32:27,970-root-INFO-输入正确账号：lklkerry
2018-10-24 16:32:27,973-root-INFO-输入正确密码：lkl19971114
2018-10-24 16:32:28,773-root-INFO-我买网登陆结果：b'\r\n\r\n{"msg":"2"}\r\n'
2018-10-24 16:32:28,776-root-INFO-获取测试结果：{'msg': '2'}
2018-10-24 16:32:28,778-root-INFO-------pass!---------
2018-10-24 16:32:28,780-root-INFO-------登录失败用例：start!---------
2018-10-24 16:32:28,782-root-INFO-输入正确账号：lklkerry
2018-10-24 16:32:28,784-root-INFO-输入错误密码：lkl199711
2018-10-24 16:32:29,097-root-INFO-我买网登陆结果：b'\r\n\r\n{"msg":"2"}\r\n'
2018-10-24 16:32:29,101-root-INFO-获取测试结果：{'msg': '2'}
2018-10-24 16:32:29,105-root-INFO-------pass!---------
2018-10-24 16:32:29,109-root-INFO-----------start!-------
2018-10-24 16:32:29,111-root-INFO-测试单号：3381022448107 快递名称：申通快递
2018-10-24 16:32:29,113-root-INFO-测试url地址：http://www.kuaidi.com/index-ajaxselectcourierinfo-3381022448107-shentong.html
2018-10-24 16:32:29,312-root-INFO-获取请求结果：{'success': False, 'ico': '', 'phone': '', 'url': '', 'status': 0, 'companytype': 'shentong', 'nu': '3381022448107', 'company': None, 'reason': '快递公司参数异常：单号不存在或者已经过期', 'data': '', 'time': '', 'rank': '2.8', 'exceed': '', 'timeused': '--'}
2018-10-24 16:32:29,316-root-INFO-获取公司名称：None
2018-10-24 16:32:29,319-root-INFO-获取data内容：
2018-10-24 16:32:29,322-root-INFO-----------start!-------
2018-10-24 16:32:29,324-root-INFO-测试单号：802187905646723978 快递名称：圆通快递
2018-10-24 16:32:29,327-root-INFO-测试url地址：http://www.kuaidi.com/index-ajaxselectcourierinfo-802187905646723978-yuantong.html
2018-10-24 16:32:29,500-root-INFO-获取请求结果：{'success': False, 'ico': '', 'phone': '', 'url': '', 'status': 0, 'companytype': 'yuantong', 'nu': '802187905646723978', 'company': None, 'reason': '快递公司参数异常：单号不存在或者已经过期', 'data': '', 'time': '', 'rank': '2.8', 'exceed': '', 'timeused': '--'}
2018-10-24 16:32:29,502-root-INFO-获取公司名称：None
2018-10-24 16:32:29,504-root-INFO-获取data内容：
